
> react-typescript-starter@0.1.0 test
> react-scripts test

Browserslist: caniuse-lite is outdated. Please run:
  npx browserslist@latest --update-db
  Why you should do it regularly: https://github.com/browserslist/browserslist#browsers-data-updating
PASS src/nested.test.ts
PASS src/arrays.test.ts
PASS src/objects.test.ts
PASS src/components/StartAttempt.test.tsx
PASS src/components/TwoDice.test.tsx
PASS src/HtmlCss.test.tsx
  ● Console

    console.log
      logo192.png

      at Object.<anonymous> (src/App.tsx:12:9)

PASS src/functions.test.ts
PASS src/components/ChangeType.test.tsx
PASS src/components/CycleHoliday.test.tsx
PASS src/components/Counter.test.tsx
PASS src/components/RevealAnswer.test.tsx
PASS src/text.test.tsx
  ● Console

    console.log
      logo192.png

      at Object.<anonymous> (src/App.tsx:12:9)

PASS src/App.test.tsx
  ● Console

    console.log
      logo192.png

      at Object.<anonymous> (src/App.tsx:12:9)

-------------------|---------|----------|---------|---------|-------------------
File               | % Stmts | % Branch | % Funcs | % Lines | Uncovered Line #s 
-------------------|---------|----------|---------|---------|-------------------
All files          |      98 |    92.24 |     100 |   97.95 |                   
 src               |    97.4 |    88.46 |     100 |   97.32 |                   
  App.tsx          |     100 |      100 |     100 |     100 |                   
  arrays.ts        |     100 |      100 |     100 |     100 |                   
  functions.ts     |   86.66 |       75 |     100 |   86.66 | 28,32-35          
  nested.ts        |     100 |    94.11 |     100 |     100 | 315               
  objects.ts       |   97.22 |       90 |     100 |   97.22 | 57                
 src/components    |     100 |      100 |     100 |     100 |                   
  ChangeType.tsx   |     100 |      100 |     100 |     100 |                   
  Counter.tsx      |     100 |      100 |     100 |     100 |                   
  CycleHoliday.tsx |     100 |      100 |     100 |     100 |                   
  RevealAnswer.tsx |     100 |      100 |     100 |     100 |                   
  StartAttempt.tsx |     100 |      100 |     100 |     100 |                   
  TwoDice.tsx      |     100 |      100 |     100 |     100 |                   
 src/interfaces    |       0 |        0 |       0 |       0 |                   
  answer.ts        |       0 |        0 |       0 |       0 |                   
  question.ts      |       0 |        0 |       0 |       0 |                   
-------------------|---------|----------|---------|---------|-------------------

Test Suites: 13 passed, 13 total
Tests:       101 passed, 101 total
Snapshots:   0 total
Time:        9.662 s
Ran all test suites.
